[     613ms] [WARNING] [WebMCP] ⚠️ No tools found to validate @ webpack-internal:///(app-pages-browser)/../../packages/core/dist/index.js:650
[  534804ms] [ERROR] Failed to load resource: the server responded with a status of 500 (Internal Server Error) @ http://localhost:3001/demo?_rsc=pjeut:0
[  535031ms] [ERROR] Failed to load resource: the server responded with a status of 500 (Internal Server Error) @ http://localhost:3001/demo?_rsc=pjeut:0
[  535249ms] [ERROR] Failed to load resource: the server responded with a status of 500 (Internal Server Error) @ http://localhost:3001/demo?_rsc=pjeut:0
[  535503ms] [ERROR] Failed to load resource: the server responded with a status of 500 (Internal Server Error) @ http://localhost:3001/demo:0
[  535761ms] Error: Cannot find module './947.js'
Require stack:
- /Users/bvk/Github/webmcpregistry/apps/docs/.next/server/webpack-runtime.js
- /Users/bvk/Github/webmcpregistry/apps/docs/.next/server/pages/_document.js
- /Users/bvk/Github/webmcpregistry/node_modules/.pnpm/next@15.5.12_react-dom@19.2.4_react@19.2.4__react@19.2.4/node_modules/next/dist/server/require.js
- /Users/bvk/Github/webmcpregistry/node_modules/.pnpm/next@15.5.12_react-dom@19.2.4_react@19.2.4__react@19.2.4/node_modules/next/dist/server/load-components.js
- /Users/bvk/Github/webmcpregistry/node_modules/.pnpm/next@15.5.12_react-dom@19.2.4_react@19.2.4__react@19.2.4/node_modules/next/dist/build/utils.js
- /Users/bvk/Github/webmcpregistry/node_modules/.pnpm/next@15.5.12_react-dom@19.2.4_react@19.2.4__react@19.2.4/node_modules/next/dist/build/swc/options.js
- /Users/bvk/Github/webmcpregistry/node_modules/.pnpm/next@15.5.12_react-dom@19.2.4_react@19.2.4__react@19.2.4/node_modules/next/dist/build/swc/index.js
- /Users/bvk/Github/webmcpregistry/node_modules/.pnpm/next@15.5.12_react-dom@19.2.4_react@19.2.4__react@19.2.4/node_modules/next/dist/build/next-config-ts/transpile-config.js
- /Users/bvk/Github/webmcpregistry/node_modules/.pnpm/next@15.5.12_react-dom@19.2.4_react@19.2.4__react@19.2.4/node_modules/next/dist/server/config.js
- /Users/bvk/Github/webmcpregistry/node_modules/.pnpm/next@15.5.12_react-dom@19.2.4_react@19.2.4__react@19.2.4/node_modules/next/dist/server/next.js
- /Users/bvk/Github/webmcpregistry/node_modules/.pnpm/next@15.5.12_react-dom@19.2.4_react@19.2.4__react@19.2.4/node_modules/next/dist/server/lib/start-server.js
    at Module.<anonymous> (node:internal/modules/cjs/loader:1420:15)
    at <unknown> (file:///Users/bvk/Github/webmcpregistry/node_modules/.pnpm/next@15.5.12_react-dom@19.2.4_react@19.2.4__react@19.2.4/node_modules/next/dist/server/require-hook.js:57:36)
    at defaultResolveImpl (node:internal/modules/cjs/loader:1058:19)
    at resolveForCJSWithHooks (node:internal/modules/cjs/loader:1063:22)
    at Module._load (node:internal/modules/cjs/loader:1226:37)
    at TracingChannel.traceSync (node:diagnostics_channel:328:14)
    at wrapModuleLoad (node:internal/modules/cjs/loader:245:24)
    at Module.<anonymous> (node:internal/modules/cjs/loader:1503:12)
    at mod.require (file:///Users/bvk/Github/webmcpregistry/node_modules/.pnpm/next@15.5.12_react-dom@19.2.4_react@19.2.4__react@19.2.4/node_modules/next/dist/server/require-hook.js:68:28)
    at require (node:internal/modules/helpers:152:16)
    at __webpack_require__.f.require (file:///Users/bvk/Github/webmcpregistry/apps/docs/.next/server/webpack-runtime.js:190:28)
    at <unknown> (file:///Users/bvk/Github/webmcpregistry/apps/docs/.next/server/webpack-runtime.js:103:40)
    at Array.reduce (<anonymous>)
    at __webpack_require__.e (file:///Users/bvk/Github/webmcpregistry/apps/docs/.next/server/webpack-runtime.js:102:67)
    at Array.map (<anonymous>)
    at __webpack_require__.X (file:///Users/bvk/Github/webmcpregistry/apps/docs/.next/server/webpack-runtime.js:154:22)
    at <unknown> (file:///Users/bvk/Github/webmcpregistry/apps/docs/.next/server/app/demo/page.js:2:12961)
    at Object.<anonymous> (file:///Users/bvk/Github/webmcpregistry/apps/docs/.next/server/app/demo/page.js:2:13010)
    at Module._compile (node:internal/modules/cjs/loader:1760:14)
    at Object..js (node:internal/modules/cjs/loader:1892:10)
    at Module.load (node:internal/modules/cjs/loader:1480:32)
    at Module._load (node:internal/modules/cjs/loader:1299:12)
    at TracingChannel.traceSync (node:diagnostics_channel:328:14)
    at wrapModuleLoad (node:internal/modules/cjs/loader:245:24)
    at Module.<anonymous> (node:internal/modules/cjs/loader:1503:12)
    at mod.require (file:///Users/bvk/Github/webmcpregistry/node_modules/.pnpm/next@15.5.12_react-dom@19.2.4_react@19.2.4__react@19.2.4/node_modules/next/dist/server/require-hook.js:68:28)
    at require (node:internal/modules/helpers:152:16)
    at requirePage (file:///Users/bvk/Github/webmcpregistry/node_modules/.pnpm/next@15.5.12_react-dom@19.2.4_react@19.2.4__react@19.2.4/node_modules/next/dist/server/require.js:99:80)
    at loadComponentsImpl (file:///Users/bvk/Github/webmcpregistry/node_modules/.pnpm/next@15.5.12_react-dom@19.2.4_react@19.2.4__react@19.2.4/node_modules/next/dist/server/load-components.js:132:57)
    at async DevServer.findPageComponentsImpl (file:///Users/bvk/Github/webmcpregistry/node_modules/.pnpm/next@15.5.12_react-dom@19.2.4_react@19.2.4__react@19.2.4/node_modules/next/dist/server/next-server.js:899:36)
    at async DevServer.findPageComponents (file:///Users/bvk/Github/webmcpregistry/node_modules/.pnpm/next@15.5.12_react-dom@19.2.4_react@19.2.4__react@19.2.4/node_modules/next/dist/server/dev/next-dev-server.js:706:16)
    at async DevServer.renderPageComponent (file:///Users/bvk/Github/webmcpregistry/node_modules/.pnpm/next@15.5.12_react-dom@19.2.4_react@19.2.4__react@19.2.4/node_modules/next/dist/server/base-server.js:1460:24)
    at async DevServer.renderToResponseImpl (file:///Users/bvk/Github/webmcpregistry/node_modules/.pnpm/next@15.5.12_react-dom@19.2.4_react@19.2.4__react@19.2.4/node_modules/next/dist/server/base-server.js:1514:32)
    at async DevServer.pipeImpl (file:///Users/bvk/Github/webmcpregistry/node_modules/.pnpm/next@15.5.12_react-dom@19.2.4_react@19.2.4__react@19.2.4/node_modules/next/dist/server/base-server.js:1025:25)
    at async NextNodeServer.handleCatchallRenderRequest (file:///Users/bvk/Github/webmcpregistry/node_modules/.pnpm/next@15.5.12_react-dom@19.2.4_react@19.2.4__react@19.2.4/node_modules/next/dist/server/next-server.js:393:17)
    at async DevServer.handleRequestImpl (file:///Users/bvk/Github/webmcpregistry/node_modules/.pnpm/next@15.5.12_react-dom@19.2.4_react@19.2.4__react@19.2.4/node_modules/next/dist/server/base-server.js:916:17)
    at async (file:///Users/bvk/Github/webmcpregistry/node_modules/.pnpm/next@15.5.12_react-dom@19.2.4_react@19.2.4__react@19.2.4/node_modules/next/dist/server/dev/next-dev-server.js:400:20)
    at async Span.traceAsyncFn (file:///Users/bvk/Github/webmcpregistry/node_modules/.pnpm/next@15.5.12_react-dom@19.2.4_react@19.2.4__react@19.2.4/node_modules/next/dist/trace/trace.js:157:20)
    at async DevServer.handleRequest (file:///Users/bvk/Github/webmcpregistry/node_modules/.pnpm/next@15.5.12_react-dom@19.2.4_react@19.2.4__react@19.2.4/node_modules/next/dist/server/dev/next-dev-server.js:396:24)
    at async invokeRender (file:///Users/bvk/Github/webmcpregistry/node_modules/.pnpm/next@15.5.12_react-dom@19.2.4_react@19.2.4__react@19.2.4/node_modules/next/dist/server/lib/router-server.js:240:21)
    at async handleRequest (file:///Users/bvk/Github/webmcpregistry/node_modules/.pnpm/next@15.5.12_react-dom@19.2.4_react@19.2.4__react@19.2.4/node_modules/next/dist/server/lib/router-server.js:437:24)
    at async requestHandlerImpl (file:///Users/bvk/Github/webmcpregistry/node_modules/.pnpm/next@15.5.12_react-dom@19.2.4_react@19.2.4__react@19.2.4/node_modules/next/dist/server/lib/router-server.js:485:13)
    at async Server.requestListener (file:///Users/bvk/Github/webmcpregistry/node_modules/.pnpm/next@15.5.12_react-dom@19.2.4_react@19.2.4__react@19.2.4/node_modules/next/dist/server/lib/start-server.js:226:13)
[  580676ms] [ERROR] WebSocket connection to 'ws://localhost:3001/_next/webpack-hmr' failed:  @ webpack-internal:///(pages-dir-browser)/../../node_modules/.pnpm/next@15.5.12_react-dom@19.2.4_react@19.2.4__react@19.2.4/node_modules/next/dist/client/dev/hot-reloader/pages/websocket.js:88
[  581682ms] [ERROR] WebSocket connection to 'ws://localhost:3001/_next/webpack-hmr' failed: Error in connection establishment: net::ERR_CONNECTION_REFUSED @ webpack-internal:///(pages-dir-browser)/../../node_modules/.pnpm/next@15.5.12_react-dom@19.2.4_react@19.2.4__react@19.2.4/node_modules/next/dist/client/dev/hot-reloader/pages/websocket.js:88
[  583401ms] [ERROR] Failed to load resource: the server responded with a status of 404 (Not Found) @ http://localhost:3001/_next/static/webpack/0644e1d5b4868c1d.webpack.hot-update.json:0
[  583401ms] [WARNING] [Fast Refresh] performing full reload because your application had an unrecoverable error @ webpack-internal:///(pages-dir-browser)/../../node_modules/.pnpm/next@15.5.12_react-dom@19.2.4_react@19.2.4__react@19.2.4/node_modules/next/dist/client/dev/hot-reloader/pages/hot-reloader-pages.js:347
[  583906ms] [ERROR] Failed to load resource: the server responded with a status of 404 (Not Found) @ http://localhost:3001/_next/static/webpack/0644e1d5b4868c1d.webpack.hot-update.json:0
[  583906ms] [WARNING] [Fast Refresh] performing full reload because your application had an unrecoverable error @ webpack-internal:///(pages-dir-browser)/../../node_modules/.pnpm/next@15.5.12_react-dom@19.2.4_react@19.2.4__react@19.2.4/node_modules/next/dist/client/dev/hot-reloader/pages/hot-reloader-pages.js:347
[  584479ms] [WARNING] [WebMCP] ⚠️ No tools found to validate @ webpack-internal:///(app-pages-browser)/../../packages/core/dist/index.js:650
